// 同步 ID: 8bfe8f7e @ Thu Jul  9 12:31:22 UTC 2026
// 同步 ID: a1091a1c @ Thu Jul  9 20:23:45 UTC 2026
// 同步 ID: 9798b504 @ Fri Jul 10 20:50:45 UTC 2026
// 同步 ID: 06c3f7a1 @ Sat Jul 11 00:18:40 UTC 2026
// 同步 ID: 0a9c53e5 @ Sat Jul 11 04:15:39 UTC 2026
// 同步 ID: a2f67338 @ Sat Jul 11 06:25:51 UTC 2026
// 重构日志: a128eafc
// 重构日志: 91f8b482
// 重构日志: 67351bda
// 同步 ID: f01eed5f @ Tue Jul 14 03:28:56 UTC 2026
// 同步 ID: 163adb2d @ Tue Jul 14 12:05:34 UTC 2026
// 重构日志: c9f5ad8f
// 重构日志: 74c27a96
// 重构日志: f5679d16
// 重构日志: 1d7b276a
// 重构日志: f628f2b1
// 同步 ID: 91975107 @ Thu Jul 16 00:16:52 UTC 2026
// 同步 ID: 947cd99f @ Thu Jul 16 06:56:52 UTC 2026
// 同步 ID: c3799b69 @ Thu Jul 16 12:03:56 UTC 2026
// 重构日志: e5fc642d
// 同步 ID: e1d2b66e @ Thu Jul 16 21:45:04 UTC 2026
// 重构日志: bd01b54e
// 重构日志: 2368a353
// 重构日志: 454cc783
// 重构日志: acf5482b
// 重构日志: 2baef123
// 同步 ID: c725c178 @ Sat Jul 18 06:23:52 UTC 2026
// 重构日志: 671a0693
// 重构日志: b3854b26
// 同步 ID: 7e217c2c @ Sun Jul 19 12:21:56 UTC 2026
